#
# There is insufficient memory for the Java Runtime Environment to continue.
# Native memory allocation (mmap) failed to map 102236160 bytes for committing reserved memory.
# Possible reasons:
#   The system is out of physical RAM or swap space
#   The process is running with CompressedOops enabled, and the Java Heap may be blocking the growth of the native heap
# Possible solutions:
#   Reduce memory load on the system
#   Increase physical memory or swap space
#   Check if swap backing store is full
#   Decrease Java heap size (-Xmx/-Xms)
#   Decrease number of Java threads
#   Decrease Java thread stack sizes (-Xss)
#   Set larger code cache with -XX:ReservedCodeCacheSize=
#   JVM is running with Unscaled Compressed Oops mode in which the Java heap is
#     placed in the first 4GB address space. The Java Heap base address is the
#     maximum limit for the native heap growth. Please use -XX:HeapBaseMinAddress
#     to set the Java Heap base and to place the Java Heap above 4GB virtual address.
# This output file may be truncated or incomplete.
#
#  Out of Memory Error (os_linux.cpp:2749), pid=15380, tid=0x00007fc1c31f1700
#
# JRE version: Java(TM) SE Runtime Environment (8.0_221-b11) (build 1.8.0_221-b11)
# Java VM: Java HotSpot(TM) 64-Bit Server VM (25.221-b11 mixed mode linux-amd64 compressed oops)
# Failed to write core dump. Core dumps have been disabled. To enable core dumping, try "ulimit -c unlimited" before starting Java again
#

---------------  T H R E A D  ---------------

Current thread (0x00007fc1e8146800):  VMThread [stack: 0x00007fc1c30f2000,0x00007fc1c31f2000] [id=15392]

Stack: [0x00007fc1c30f2000,0x00007fc1c31f2000],  sp=0x00007fc1c31f03f0,  free space=1016k
Native frames: (J=compiled Java code, j=interpreted, Vv=VM code, C=native code)
V  [libjvm.so+0xad3455]  VMError::report_and_die()+0x2e5
V  [libjvm.so+0x4e0537]  report_vm_out_of_memory(char const*, int, unsigned long, VMErrorType, char const*)+0x67
V  [libjvm.so+0x910320]  os::pd_commit_memory(char*, unsigned long, unsigned long, bool)+0x100
V  [libjvm.so+0x90794f]  os::commit_memory(char*, unsigned long, unsigned long, bool)+0x1f
V  [libjvm.so+0x98c736]  PSVirtualSpace::expand_by(unsigned long)+0x56
V  [libjvm.so+0x98d9c8]  PSYoungGen::resize(unsigned long, unsigned long)+0xd8
V  [libjvm.so+0x98a166]  PSScavenge::invoke_no_policy()+0x1376
V  [libjvm.so+0x98a4fc]  PSScavenge::invoke()+0x4c
V  [libjvm.so+0x93a248]  ParallelScavengeHeap::failed_mem_allocate(unsigned long)+0x68
V  [libjvm.so+0xad4fa3]  VM_ParallelGCFailedAllocation::doit()+0x93
V  [libjvm.so+0xada1c6]  VM_Operation::evaluate()+0x46
V  [libjvm.so+0xad84fd]  VMThread::evaluate_operation(VM_Operation*) [clone .constprop.44]+0xcd
V  [libjvm.so+0xad8ae3]  VMThread::loop()+0x3a3
V  [libjvm.so+0xad8eb8]  VMThread::run()+0x78
V  [libjvm.so+0x90d952]  java_start(Thread*)+0x102

VM_Operation (0x00007fc1efe749a0): ParallelGCFailedAllocation, mode: safepoint, requested by thread 0x00007fc1e8011000


---------------  P R O C E S S  ---------------

Java Threads: ( => current thread )
  0x00007fc1e90c8800 JavaThread "HikariPool-1 housekeeper" daemon [_thread_blocked, id=15422, stack(0x00007fc1c0d84000,0x00007fc1c0e85000)]
  0x00007fc1e8f98800 JavaThread "mysql-cj-abandoned-connection-cleanup" daemon [_thread_blocked, id=15420, stack(0x00007fc1c1725000,0x00007fc1c1826000)]
  0x00007fc1ac001000 JavaThread "Attach Listener" daemon [_thread_blocked, id=15414, stack(0x00007fc1c1e38000,0x00007fc1c1f39000)]
  0x00007fc1e81bc800 JavaThread "Service Thread" daemon [_thread_blocked, id=15409, stack(0x00007fc1c22c3000,0x00007fc1c23c4000)]
  0x00007fc1e81af800 JavaThread "C1 CompilerThread2" daemon [_thread_blocked, id=15408, stack(0x00007fc1c25dc000,0x00007fc1c26dc000)]
  0x00007fc1e81ae000 JavaThread "C2 CompilerThread1" daemon [_thread_in_native, id=15407, stack(0x00007fc1c26dd000,0x00007fc1c27dd000)]
  0x00007fc1e81a7800 JavaThread "C2 CompilerThread0" daemon [_thread_blocked, id=15406, stack(0x00007fc1c27de000,0x00007fc1c28de000)]
  0x00007fc1e81a6000 JavaThread "Monitor Ctrl-Break" daemon [_thread_in_native, id=15405, stack(0x00007fc1c28de000,0x00007fc1c29df000)]
  0x00007fc1e8186800 JavaThread "Signal Dispatcher" daemon [_thread_blocked, id=15404, stack(0x00007fc1c29df000,0x00007fc1c2ae0000)]
  0x00007fc1e8154800 JavaThread "Finalizer" daemon [_thread_blocked, id=15397, stack(0x00007fc1c2eef000,0x00007fc1c2ff0000)]
  0x00007fc1e8150000 JavaThread "Reference Handler" daemon [_thread_blocked, id=15395, stack(0x00007fc1c2ff0000,0x00007fc1c30f1000)]
  0x00007fc1e8011000 JavaThread "main" [_thread_blocked, id=15381, stack(0x00007fc1efd7d000,0x00007fc1efe7d000)]

Other Threads:
=>0x00007fc1e8146800 VMThread [stack: 0x00007fc1c30f2000,0x00007fc1c31f2000] [id=15392]
  0x00007fc1e81bf800 WatcherThread [stack: 0x00007fc1c21c3000,0x00007fc1c22c3000] [id=15410]

VM state:at safepoint (normal execution)

VM Mutex/Monitor currently owned by a thread:  ([mutex/lock_event])
[0x00007fc1e800d8d0] Threads_lock - owner thread: 0x00007fc1e8146800
[0x00007fc1e800ddd0] Heap_lock - owner thread: 0x00007fc1e8011000

heap address: 0x0000000085200000, size: 1966 MB, Compressed Oops mode: 32-bit
Narrow klass base: 0x0000000000000000, Narrow klass shift: 3
Compressed class space size: 1073741824 Address: 0x0000000100000000

Heap:
 PSYoungGen      total 203264K, used 10234K [0x00000000d7100000, 0x00000000e4280000, 0x0000000100000000)
  eden space 193024K, 0% used [0x00000000d7100000,0x00000000d7100000,0x00000000e2d80000)
  from space 10240K, 99% used [0x00000000e2d80000,0x00000000e377ea00,0x00000000e3780000)
  to   space 10752K, 0% used [0x00000000e3780000,0x00000000e3780000,0x00000000e4200000)
 ParOldGen       total 57856K, used 22168K [0x0000000085200000, 0x0000000088a80000, 0x00000000d7100000)
  object space 57856K, 38% used [0x0000000085200000,0x00000000867a6098,0x0000000088a80000)
 Metaspace       used 50525K, capacity 52764K, committed 53080K, reserved 1095680K
  class space    used 7018K, capacity 7427K, committed 7512K, reserved 1048576K

Card table byte_map: [0x00007fc1ec47d000,0x00007fc1ec855000] byte_map_base: 0x00007fc1ec054000

Marking Bits: (ParMarkBitMap*) 0x00007fc1ef22dd80
 Begin Bits: [0x00007fc1d0290000, 0x00007fc1d2148000)
 End Bits:   [0x00007fc1d2148000, 0x00007fc1d4000000)

Polling page: 0x00007fc1efe9d000

CodeCache: size=245760Kb used=13307Kb max_used=13320Kb free=232453Kb
 bounds [0x00007fc1d9000000, 0x00007fc1d9d10000, 0x00007fc1e8000000]
 total_blobs=4179 nmethods=3657 adapters=435
 compilation: enabled

Compilation events (10 events):
Event: 14,008 Thread 0x00007fc1e81a7800 3864   !   4       com.sun.proxy.$Proxy10::annotationType (29 bytes)
Event: 14,008 Thread 0x00007fc1e81af800 3865       3       java.util.DualPivotQuicksort::sort (1195 bytes)
Event: 14,009 Thread 0x00007fc1e81a7800 nmethod 3864 0x00007fc1d9ccd750 code [0x00007fc1d9ccd8c0, 0x00007fc1d9ccda08]
Event: 14,009 Thread 0x00007fc1e81a7800 3868       4       org.springframework.asm.Frame::accept (264 bytes)
Event: 14,010 Thread 0x00007fc1e81af800 nmethod 3865 0x00007fc1d9d04950 code [0x00007fc1d9d04d00, 0x00007fc1d9d06da8]
Event: 14,010 Thread 0x00007fc1e81af800 3866       3       org.springframework.cglib.core.EmitUtils::member_helper_size (48 bytes)
Event: 14,010 Thread 0x00007fc1e81af800 nmethod 3866 0x00007fc1d9d03b90 code [0x00007fc1d9d03d80, 0x00007fc1d9d04558]
Event: 14,010 Thread 0x00007fc1e81af800 3867       3       org.springframework.cglib.core.EmitUtils$13::<init> (10 bytes)
Event: 14,010 Thread 0x00007fc1e81af800 nmethod 3867 0x00007fc1d9d03790 code [0x00007fc1d9d03900, 0x00007fc1d9d03ad0]
Event: 14,017 Thread 0x00007fc1e81a7800 nmethod 3868 0x00007fc1d9cfc290 code [0x00007fc1d9cfc460, 0x00007fc1d9cfcea8]

GC Heap History (10 events):
Event: 4,529 GC heap after
Heap after GC invocations=8 (full 1):
 PSYoungGen      total 70656K, used 0K [0x00000000d7100000, 0x00000000dfb00000, 0x0000000100000000)
  eden space 63488K, 0% used [0x00000000d7100000,0x00000000d7100000,0x00000000daf00000)
  from space 7168K, 0% used [0x00000000daf00000,0x00000000daf00000,0x00000000db600000)
  to   space 7168K, 0% used [0x00000000df400000,0x00000000df400000,0x00000000dfb00000)
 ParOldGen       total 42496K, used 6941K [0x0000000085200000, 0x0000000087b80000, 0x00000000d7100000)
  object space 42496K, 16% used [0x0000000085200000,0x00000000858c76b0,0x0000000087b80000)
 Metaspace       used 20644K, capacity 21192K, committed 21248K, reserved 1067008K
  class space    used 2653K, capacity 2815K, committed 2816K, reserved 1048576K
}
Event: 4,949 GC heap before
{Heap before GC invocations=9 (full 1):
 PSYoungGen      total 70656K, used 63488K [0x00000000d7100000, 0x00000000dfb00000, 0x0000000100000000)
  eden space 63488K, 100% used [0x00000000d7100000,0x00000000daf00000,0x00000000daf00000)
  from space 7168K, 0% used [0x00000000daf00000,0x00000000daf00000,0x00000000db600000)
  to   space 7168K, 0% used [0x00000000df400000,0x00000000df400000,0x00000000dfb00000)
 ParOldGen       total 42496K, used 6941K [0x0000000085200000, 0x0000000087b80000, 0x00000000d7100000)
  object space 42496K, 16% used [0x0000000085200000,0x00000000858c76b0,0x0000000087b80000)
 Metaspace       used 25181K, capacity 25954K, committed 26240K, reserved 1073152K
  class space    used 3233K, capacity 3422K, committed 3456K, reserved 1048576K
Event: 4,953 GC heap after
Heap after GC invocations=9 (full 1):
 PSYoungGen      total 130048K, used 6494K [0x00000000d7100000, 0x00000000dfa80000, 0x0000000100000000)
  eden space 123392K, 0% used [0x00000000d7100000,0x00000000d7100000,0x00000000de980000)
  from space 6656K, 97% used [0x00000000df400000,0x00000000dfa57a30,0x00000000dfa80000)
  to   space 7680K, 0% used [0x00000000deb80000,0x00000000deb80000,0x00000000df300000)
 ParOldGen       total 42496K, used 7013K [0x0000000085200000, 0x0000000087b80000, 0x00000000d7100000)
  object space 42496K, 16% used [0x0000000085200000,0x00000000858d96c0,0x0000000087b80000)
 Metaspace       used 25181K, capacity 25954K, committed 26240K, reserved 1073152K
  class space    used 3233K, capacity 3422K, committed 3456K, reserved 1048576K
}
Event: 7,412 GC heap before
{Heap before GC invocations=10 (full 1):
 PSYoungGen      total 130048K, used 129886K [0x00000000d7100000, 0x00000000dfa80000, 0x0000000100000000)
  eden space 123392K, 100% used [0x00000000d7100000,0x00000000de980000,0x00000000de980000)
  from space 6656K, 97% used [0x00000000df400000,0x00000000dfa57a30,0x00000000dfa80000)
  to   space 7680K, 0% used [0x00000000deb80000,0x00000000deb80000,0x00000000df300000)
 ParOldGen       total 42496K, used 7013K [0x0000000085200000, 0x0000000087b80000, 0x00000000d7100000)
  object space 42496K, 16% used [0x0000000085200000,0x00000000858d96c0,0x0000000087b80000)
 Metaspace       used 33812K, capacity 35124K, committed 35416K, reserved 1079296K
  class space    used 4337K, capacity 4617K, committed 4696K, reserved 1048576K
Event: 7,427 GC heap after
Heap after GC invocations=10 (full 1):
 PSYoungGen      total 133120K, used 7668K [0x00000000d7100000, 0x00000000e4200000, 0x0000000100000000)
  eden space 125440K, 0% used [0x00000000d7100000,0x00000000d7100000,0x00000000deb80000)
  from space 7680K, 99% used [0x00000000deb80000,0x00000000df2fd130,0x00000000df300000)
  to   space 10752K, 0% used [0x00000000e3780000,0x00000000e3780000,0x00000000e4200000)
 ParOldGen       total 42496K, used 13032K [0x0000000085200000, 0x0000000087b80000, 0x00000000d7100000)
  object space 42496K, 30% used [0x0000000085200000,0x0000000085eba368,0x0000000087b80000)
 Metaspace       used 33812K, capacity 35124K, committed 35416K, reserved 1079296K
  class space    used 4337K, capacity 4617K, committed 4696K, reserved 1048576K
}
Event: 7,821 GC heap before
{Heap before GC invocations=11 (full 1):
 PSYoungGen      total 133120K, used 11543K [0x00000000d7100000, 0x00000000e4200000, 0x0000000100000000)
  eden space 125440K, 3% used [0x00000000d7100000,0x00000000d74c8ae0,0x00000000deb80000)
  from space 7680K, 99% used [0x00000000deb80000,0x00000000df2fd130,0x00000000df300000)
  to   space 10752K, 0% used [0x00000000e3780000,0x00000000e3780000,0x00000000e4200000)
 ParOldGen       total 42496K, used 13032K [0x0000000085200000, 0x0000000087b80000, 0x00000000d7100000)
  object space 42496K, 30% used [0x0000000085200000,0x0000000085eba368,0x0000000087b80000)
 Metaspace       used 34077K, capacity 35322K, committed 35416K, reserved 1079296K
  class space    used 4360K, capacity 4618K, committed 4696K, reserved 1048576K
Event: 7,826 GC heap after
Heap after GC invocations=11 (full 1):
 PSYoungGen      total 203776K, used 5816K [0x00000000d7100000, 0x00000000e4280000, 0x0000000100000000)
  eden space 193024K, 0% used [0x00000000d7100000,0x00000000d7100000,0x00000000e2d80000)
  from space 10752K, 54% used [0x00000000e3780000,0x00000000e3d2e2d0,0x00000000e4200000)
  to   space 10240K, 0% used [0x00000000e2d80000,0x00000000e2d80000,0x00000000e3780000)
 ParOldGen       total 42496K, used 15368K [0x0000000085200000, 0x0000000087b80000, 0x00000000d7100000)
  object space 42496K, 36% used [0x0000000085200000,0x00000000861023c8,0x0000000087b80000)
 Metaspace       used 34077K, capacity 35322K, committed 35416K, reserved 1079296K
  class space    used 4360K, capacity 4618K, committed 4696K, reserved 1048576K
}
Event: 7,826 GC heap before
{Heap before GC invocations=12 (full 2):
 PSYoungGen      total 203776K, used 5816K [0x00000000d7100000, 0x00000000e4280000, 0x0000000100000000)
  eden space 193024K, 0% used [0x00000000d7100000,0x00000000d7100000,0x00000000e2d80000)
  from space 10752K, 54% used [0x00000000e3780000,0x00000000e3d2e2d0,0x00000000e4200000)
  to   space 10240K, 0% used [0x00000000e2d80000,0x00000000e2d80000,0x00000000e3780000)
 ParOldGen       total 42496K, used 15368K [0x0000000085200000, 0x0000000087b80000, 0x00000000d7100000)
  object space 42496K, 36% used [0x0000000085200000,0x00000000861023c8,0x0000000087b80000)
 Metaspace       used 34077K, capacity 35322K, committed 35416K, reserved 1079296K
  class space    used 4360K, capacity 4618K, committed 4696K, reserved 1048576K
Event: 7,874 GC heap after
Heap after GC invocations=12 (full 2):
 PSYoungGen      total 203776K, used 0K [0x00000000d7100000, 0x00000000e4280000, 0x0000000100000000)
  eden space 193024K, 0% used [0x00000000d7100000,0x00000000d7100000,0x00000000e2d80000)
  from space 10752K, 0% used [0x00000000e3780000,0x00000000e3780000,0x00000000e4200000)
  to   space 10240K, 0% used [0x00000000e2d80000,0x00000000e2d80000,0x00000000e3780000)
 ParOldGen       total 57856K, used 14190K [0x0000000085200000, 0x0000000088a80000, 0x00000000d7100000)
  object space 57856K, 24% used [0x0000000085200000,0x0000000085fdbbe0,0x0000000088a80000)
 Metaspace       used 34077K, capacity 35322K, committed 35416K, reserved 1079296K
  class space    used 4360K, capacity 4618K, committed 4696K, reserved 1048576K
}
Event: 14,077 GC heap before
{Heap before GC invocations=13 (full 2):
 PSYoungGen      total 203776K, used 193024K [0x00000000d7100000, 0x00000000e4280000, 0x0000000100000000)
  eden space 193024K, 100% used [0x00000000d7100000,0x00000000e2d80000,0x00000000e2d80000)
  from space 10752K, 0% used [0x00000000e3780000,0x00000000e3780000,0x00000000e4200000)
  to   space 10240K, 0% used [0x00000000e2d80000,0x00000000e2d80000,0x00000000e3780000)
 ParOldGen       total 57856K, used 14190K [0x0000000085200000, 0x0000000088a80000, 0x00000000d7100000)
  object space 57856K, 24% used [0x0000000085200000,0x0000000085fdbbe0,0x0000000088a80000)
 Metaspace       used 50525K, capacity 52764K, committed 53080K, reserved 1095680K
  class space    used 7018K, capacity 7427K, committed 7512K, reserved 1048576K

Deoptimization events (10 events):
Event: 10,378 Thread 0x00007fc1e8011000 Uncommon trap: reason=class_check action=maybe_recompile pc=0x00007fc1d99cc8c4 method=org.springframework.beans.factory.support.AbstractBeanFactory.isTypeMatch(Ljava/lang/String;Lorg/springframework/core/ResolvableType;)Z @ 47
Event: 10,433 Thread 0x00007fc1e8011000 Uncommon trap: reason=class_check action=maybe_recompile pc=0x00007fc1d99cc8c4 method=org.springframework.beans.factory.support.AbstractBeanFactory.isTypeMatch(Ljava/lang/String;Lorg/springframework/core/ResolvableType;)Z @ 47
Event: 10,447 Thread 0x00007fc1e8011000 Uncommon trap: reason=unstable_if action=reinterpret pc=0x00007fc1d9a046ac method=java.util.concurrent.ConcurrentHashMap.get(Ljava/lang/Object;)Ljava/lang/Object; @ 152
Event: 10,449 Thread 0x00007fc1e8011000 Uncommon trap: reason=unstable_if action=reinterpret pc=0x00007fc1d94b8644 method=java.util.WeakHashMap.expungeStaleEntries()V @ 66
Event: 10,449 Thread 0x00007fc1e8011000 Uncommon trap: reason=unstable_if action=reinterpret pc=0x00007fc1d95404c0 method=org.springframework.asm.ClassReader.readUtf(II[C)Ljava/lang/String; @ 41
Event: 10,538 Thread 0x00007fc1e8011000 Uncommon trap: reason=class_check action=maybe_recompile pc=0x00007fc1d99cc8c4 method=org.springframework.beans.factory.support.AbstractBeanFactory.isTypeMatch(Ljava/lang/String;Lorg/springframework/core/ResolvableType;)Z @ 47
Event: 11,104 Thread 0x00007fc1e8011000 Uncommon trap: reason=unstable_if action=reinterpret pc=0x00007fc1d951718c method=org.springframework.util.ConcurrentReferenceHashMap$Segment.restructureIfNecessary(Z)V @ 34
Event: 12,251 Thread 0x00007fc1e8011000 Uncommon trap: reason=null_check action=make_not_entrant pc=0x00007fc1d9c37c14 method=org.springframework.core.annotation.AnnotatedElementUtils.searchWithFindSemantics(Ljava/lang/reflect/AnnotatedElement;Ljava/util/Set;Ljava/lang/String;Ljava/lang/Class;L
Event: 12,256 Thread 0x00007fc1e8011000 Uncommon trap: reason=class_check action=maybe_recompile pc=0x00007fc1d99cc8c4 method=org.springframework.beans.factory.support.AbstractBeanFactory.isTypeMatch(Ljava/lang/String;Lorg/springframework/core/ResolvableType;)Z @ 47
Event: 13,847 Thread 0x00007fc1e8011000 Uncommon trap: reason=unstable_if action=reinterpret pc=0x00007fc1d9c7aeb8 method=org.springframework.boot.context.properties.source.ConfigurationPropertyName$ElementsParser.isNumeric(C)Z @ 9

Classes redefined (0 events):
No events

Internal exceptions (10 events):
Event: 14,002 Thread 0x00007fc1e8011000 Exception <a 'java/lang/ClassNotFoundException': org/springframework/boot/autoconfigure/web/servlet/DispatcherServletAutoConfiguration$DispatcherServletRegistrationConfiguration$$EnhancerBySpringCGLIB$$68aef58Customizer> (0x00000000e2aee660) thrown at [/H
Event: 14,002 Thread 0x00007fc1e8011000 Exception <a 'java/lang/ClassNotFoundException': org/springframework/context/annotation/ConfigurationClassEnhancer$EnhancedConfigurationCustomizer> (0x00000000e2b209c8) thrown at [/HUDSON/workspace/8-2-build-linux-amd64/jdk8u221/13320/hotspot/src/share/vm
Event: 14,002 Thread 0x00007fc1e8011000 Exception <a 'java/lang/ClassNotFoundException': org/springframework/beans/factory/BeanFactoryAwareCustomizer> (0x00000000e2b3f4a0) thrown at [/HUDSON/workspace/8-2-build-linux-amd64/jdk8u221/13320/hotspot/src/share/vm/classfile/systemDictionary.cpp, line
Event: 14,003 Thread 0x00007fc1e8011000 Exception <a 'java/lang/ClassNotFoundException': org/springframework/beans/factory/AwareCustomizer> (0x00000000e2b5b780) thrown at [/HUDSON/workspace/8-2-build-linux-amd64/jdk8u221/13320/hotspot/src/share/vm/classfile/systemDictionary.cpp, line 210]
Event: 14,005 Thread 0x00007fc1e8011000 Exception <a 'java/lang/ClassNotFoundException': java/lang/ObjectCustomizer> (0x00000000e2b92ef0) thrown at [/HUDSON/workspace/8-2-build-linux-amd64/jdk8u221/13320/hotspot/src/share/vm/classfile/systemDictionary.cpp, line 210]
Event: 14,005 Thread 0x00007fc1e8011000 Exception <a 'java/lang/ClassNotFoundException': org/springframework/boot/autoconfigure/web/servlet/DispatcherServletAutoConfiguration$DispatcherServletConfigurationCustomizer> (0x00000000e2bca090) thrown at [/HUDSON/workspace/8-2-build-linux-amd64/jdk8u2
Event: 14,005 Thread 0x00007fc1e8011000 Exception <a 'java/lang/ClassNotFoundException': org/springframework/boot/autoconfigure/web/servlet/DispatcherServletAutoConfiguration$DispatcherServletConfiguration$$EnhancerBySpringCGLIB$$a4835ab1Customizer> (0x00000000e2c0c430) thrown at [/HUDSON/works
Event: 14,006 Thread 0x00007fc1e8011000 Exception <a 'java/lang/ClassNotFoundException': org/springframework/context/annotation/ConfigurationClassEnhancer$EnhancedConfigurationCustomizer> (0x00000000e2c3fc30) thrown at [/HUDSON/workspace/8-2-build-linux-amd64/jdk8u221/13320/hotspot/src/share/vm
Event: 14,006 Thread 0x00007fc1e8011000 Exception <a 'java/lang/ClassNotFoundException': org/springframework/beans/factory/BeanFactoryAwareCustomizer> (0x00000000e2c5e680) thrown at [/HUDSON/workspace/8-2-build-linux-amd64/jdk8u221/13320/hotspot/src/share/vm/classfile/systemDictionary.cpp, line
Event: 14,006 Thread 0x00007fc1e8011000 Exception <a 'java/lang/ClassNotFoundException': org/springframework/beans/factory/AwareCustomizer> (0x00000000e2c7a960) thrown at [/HUDSON/workspace/8-2-build-linux-amd64/jdk8u221/13320/hotspot/src/share/vm/classfile/systemDictionary.cpp, line 210]

Events (10 events):
Event: 14,049 loading class org/springframework/web/servlet/NoHandlerFoundException done
Event: 14,069 loading class javax/servlet/http/LocalStrings
Event: 14,069 loading class javax/servlet/http/LocalStrings done
Event: 14,071 Executing VM operation: RevokeBias
Event: 14,072 Executing VM operation: RevokeBias done
Event: 14,072 loading class javax/servlet/http/LocalStrings_en
Event: 14,072 loading class javax/servlet/http/LocalStrings_en done
Event: 14,072 loading class javax/servlet/http/LocalStrings_en_US
Event: 14,072 loading class javax/servlet/http/LocalStrings_en_US done
Event: 14,073 Executing VM operation: ParallelGCFailedAllocation


Dynamic libraries:
00400000-00401000 r-xp 00000000 08:05 5637367                            /opt/jdk/jdk1.8.0_221/bin/java
00600000-00601000 r--p 00000000 08:05 5637367                            /opt/jdk/jdk1.8.0_221/bin/java
00601000-00602000 rw-p 00001000 08:05 5637367                            /opt/jdk/jdk1.8.0_221/bin/java
01c1d000-01c3e000 rw-p 00000000 00:00 0                                  [heap]
85200000-88a80000 rw-p 00000000 00:00 0 
88a80000-d7100000 ---p 00000000 00:00 0 
d7100000-e4280000 rw-p 00000000 00:00 0 
ea400000-100000000 ---p 00000000 00:00 0 
100000000-100756000 rw-p 00000000 00:00 0 
100756000-140000000 ---p 00000000 00:00 0 
7fc180000000-7fc180021000 rw-p 00000000 00:00 0 
7fc180021000-7fc184000000 ---p 00000000 00:00 0 
7fc187e00000-7fc187e80000 rw-p 00000000 00:00 0 
7fc187e80000-7fc188000000 ---p 00000000 00:00 0 
7fc188000000-7fc18851e000 rw-p 00000000 00:00 0 
7fc18851e000-7fc18c000000 ---p 00000000 00:00 0 
7fc18c000000-7fc18c05c000 rw-p 00000000 00:00 0 
7fc18c05c000-7fc190000000 ---p 00000000 00:00 0 
7fc190000000-7fc190021000 rw-p 00000000 00:00 0 
7fc190021000-7fc194000000 ---p 00000000 00:00 0 
7fc194000000-7fc194021000 rw-p 00000000 00:00 0 
7fc194021000-7fc198000000 ---p 00000000 00:00 0 
7fc198000000-7fc198021000 rw-p 00000000 00:00 0 
7fc198021000-7fc19c000000 ---p 00000000 00:00 0 
7fc19c000000-7fc19cf96000 rw-p 00000000 00:00 0 
7fc19cf96000-7fc1a0000000 ---p 00000000 00:00 0 
7fc1a01ff000-7fc1a03ff000 rw-p 00000000 00:00 0 
7fc1a03ff000-7fc1a05ff000 rw-p 00000000 00:00 0 
7fc1a05ff000-7fc1a07ff000 rw-p 00000000 00:00 0 
7fc1a07ff000-7fc1a09ff000 rw-p 00000000 00:00 0 
7fc1a09ff000-7fc1a0bff000 rw-p 00000000 00:00 0 
7fc1a0bff000-7fc1a0dff000 rw-p 00000000 00:00 0 
7fc1a0dff000-7fc1a0fff000 rw-p 00000000 00:00 0 
7fc1a0fff000-7fc1a4000000 rw-p 00000000 00:00 0 
7fc1a4000000-7fc1a56fc000 rw-p 00000000 00:00 0 
7fc1a56fc000-7fc1a8000000 ---p 00000000 00:00 0 
7fc1a8000000-7fc1a9ae3000 rw-p 00000000 00:00 0 
7fc1a9ae3000-7fc1ac000000 ---p 00000000 00:00 0 
7fc1ac000000-7fc1ac021000 rw-p 00000000 00:00 0 
7fc1ac021000-7fc1b0000000 ---p 00000000 00:00 0 
7fc1b0000000-7fc1b0025000 rw-p 00000000 00:00 0 
7fc1b0025000-7fc1b4000000 ---p 00000000 00:00 0 
7fc1b4000000-7fc1b4021000 rw-p 00000000 00:00 0 
7fc1b4021000-7fc1b8000000 ---p 00000000 00:00 0 
7fc1b8000000-7fc1b8021000 rw-p 00000000 00:00 0 
7fc1b8021000-7fc1bc000000 ---p 00000000 00:00 0 
7fc1bc000000-7fc1bc29b000 rw-p 00000000 00:00 0 
7fc1bc29b000-7fc1c0000000 ---p 00000000 00:00 0 
7fc1c0079000-7fc1c007c000 ---p 00000000 00:00 0 
7fc1c007c000-7fc1c017a000 rw-p 00000000 00:00 0 
7fc1c017a000-7fc1c017f000 r--s 002f9000 08:05 5637425                    /opt/jdk/jdk1.8.0_221/jre/lib/charsets.jar
7fc1c017f000-7fc1c0184000 r--s 000a3000 08:05 5637635                    /opt/jdk/jdk1.8.0_221/jre/lib/jsse.jar
7fc1c0184000-7fc1c0384000 rw-p 00000000 00:00 0 
7fc1c0384000-7fc1c0584000 rw-p 00000000 00:00 0 
7fc1c0584000-7fc1c0784000 rw-p 00000000 00:00 0 
7fc1c0784000-7fc1c0984000 rw-p 00000000 00:00 0 
7fc1c0984000-7fc1c0b84000 rw-p 00000000 00:00 0 
7fc1c0b84000-7fc1c0d84000 rw-p 00000000 00:00 0 
7fc1c0d84000-7fc1c0d87000 ---p 00000000 00:00 0 
7fc1c0d87000-7fc1c1085000 rw-p 00000000 00:00 0 
7fc1c1085000-7fc1c1285000 rw-p 00000000 00:00 0 
7fc1c1285000-7fc1c131b000 r--s 01114000 08:05 5637628                    /opt/jdk/jdk1.8.0_221/jre/lib/ext/jfxrt.jar
7fc1c131b000-7fc1c151b000 rw-p 00000000 00:00 0 
7fc1c151b000-7fc1c1524000 r-xp 00000000 08:05 5637678                    /opt/jdk/jdk1.8.0_221/jre/lib/amd64/libmanagement.so
7fc1c1524000-7fc1c1723000 ---p 00009000 08:05 5637678                    /opt/jdk/jdk1.8.0_221/jre/lib/amd64/libmanagement.so
7fc1c1723000-7fc1c1724000 r--p 00008000 08:05 5637678                    /opt/jdk/jdk1.8.0_221/jre/lib/amd64/libmanagement.so
7fc1c1724000-7fc1c1725000 rw-p 00009000 08:05 5637678                    /opt/jdk/jdk1.8.0_221/jre/lib/amd64/libmanagement.so
7fc1c1725000-7fc1c1728000 ---p 00000000 00:00 0 
7fc1c1728000-7fc1c1a26000 rw-p 00000000 00:00 0 
7fc1c1a26000-7fc1c1c26000 rw-p 00000000 00:00 0 
7fc1c1c26000-7fc1c1c37000 r-xp 00000000 08:05 5637738                    /opt/jdk/jdk1.8.0_221/jre/lib/amd64/libnio.so
7fc1c1c37000-7fc1c1e36000 ---p 00011000 08:05 5637738                    /opt/jdk/jdk1.8.0_221/jre/lib/amd64/libnio.so
7fc1c1e36000-7fc1c1e37000 r--p 00010000 08:05 5637738                    /opt/jdk/jdk1.8.0_221/jre/lib/amd64/libnio.so
7fc1c1e37000-7fc1c1e38000 rw-p 00011000 08:05 5637738                    /opt/jdk/jdk1.8.0_221/jre/lib/amd64/libnio.so
7fc1c1e38000-7fc1c1e3b000 ---p 00000000 00:00 0 
7fc1c1e3b000-7fc1c1f39000 rw-p 00000000 00:00 0 
7fc1c1f39000-7fc1c1f3b000 r--s 0000f000 08:15 7265641                    /home/deathslayer/.m2/repository/com/beust/jcommander/1.72/jcommander-1.72.jar
7fc1c1f3b000-7fc1c1f49000 r--s 000d8000 08:15 7265643                    /home/deathslayer/.m2/repository/org/testng/testng/7.0.0/testng-7.0.0.jar
7fc1c1f49000-7fc1c1f50000 r--s 00049000 08:15 7514467                    /home/deathslayer/.m2/repository/org/apache/httpcomponents/httpcore/4.4.10/httpcore-4.4.10.jar
7fc1c1f50000-7fc1c1f57000 r--s 0004b000 08:15 7341413                    /home/deathslayer/.m2/repository/commons-codec/commons-codec/1.11/commons-codec-1.11.jar
7fc1c1f57000-7fc1c1f64000 r--s 000af000 08:15 7514465                    /home/deathslayer/.m2/repository/org/apache/httpcomponents/httpclient/4.5.6/httpclient-4.5.6.jar
7fc1c1f64000-7fc1c1f69000 r--s 00025000 08:15 7340531                    /home/deathslayer/.m2/repository/org/xmlunit/xmlunit-core/2.6.3/xmlunit-core-2.6.3.jar
7fc1c1f69000-7fc1c1f77000 r--s 0008a000 08:15 7340527                    /home/deathslayer/.m2/repository/org/springframework/spring-test/5.1.9.RELEASE/spring-test-5.1.9.RELEASE.jar
7fc1c1f77000-7fc1c1f78000 r--s 00005000 08:15 7210666                    /home/deathslayer/.m2/repository/org/springframework/spring-jcl/5.1.9.RELEASE/spring-jcl-5.1.9.RELEASE.jar
7fc1c1f78000-7fc1c1f91000 r--s 00123000 08:15 7210724                    /home/deathslayer/.m2/repository/org/springframework/spring-core/5.1.9.RELEASE/spring-core-5.1.9.RELEASE.jar
7fc1c1f91000-7fc1c1f92000 r--s 00004000 08:15 7340518                    /home/deathslayer/.m2/repository/com/vaadin/external/google/android-json/0.0.20131108.vaadin1/android-json-0.0.20131108.vaadin1.jar
7fc1c1f92000-7fc1c1f94000 r--s 00006000 08:15 7210757                    /home/deathslayer/.m2/repository/org/skyscreamer/jsonassert/1.5.0/jsonassert-1.5.0.jar
7fc1c1f94000-7fc1c1f95000 r--s 0000c000 08:15 7210768                    /home/deathslayer/.m2/repository/org/hamcrest/hamcrest-library/1.3/hamcrest-library-1.3.jar
7fc1c1f95000-7fc1c1f97000 r--s 00009000 08:15 7210771                    /home/deathslayer/.m2/repository/org/hamcrest/hamcrest-core/1.3/hamcrest-core-1.3.jar
7fc1c1f97000-7fc1c1f99000 r--s 0000c000 08:15 7210732                    /home/deathslayer/.m2/repository/org/objenesis/objenesis/2.6/objenesis-2.6.jar
7fc1c1f99000-7fc1c1f9c000 r--s 0003a000 08:15 7210747                    /home/deathslayer/.m2/repository/net/bytebuddy/byte-buddy-agent/1.9.16/byte-buddy-agent-1.9.16.jar
7fc1c1f9c000-7fc1c1fac000 r--s 0007a000 08:15 7210686                    /home/deathslayer/.m2/repository/org/mockito/mockito-core/2.23.4/mockito-core-2.23.4.jar
7fc1c1fac000-7fc1c2007000 r--s 0038b000 08:15 7210758                    /home/deathslayer/.m2/repository/org/assertj/assertj-core/3.11.1/assertj-core-3.11.1.jar
7fc1c2007000-7fc1c200f000 r--s 00045000 08:15 7210755                    /home/deathslayer/.m2/repository/junit/junit/4.12/junit-4.12.jar
7fc1c200f000-7fc1c2011000 r--s 0000c000 08:15 7210723                    /home/deathslayer/.m2/repository/org/ow2/asm/asm/5.0.4/asm-5.0.4.jar
7fc1c2011000-7fc1c2013000 r--s 00006000 08:15 7210682                    /home/deathslayer/.m2/repository/net/minidev/accessors-smart/1.2/accessors-smart-1.2.jar
7fc1c2013000-7fc1c2016000 r--s 0001b000 08:15 7210721                    /home/deathslayer/.m2/repository/net/minidev/json-smart/2.3/json-smart-2.3.jar
7fc1c2016000-7fc1c201c000 r--s 00031000 08:15 7210745                    /home/deathslayer/.m2/repository/com/jayway/jsonpath/json-path/2.4.0/json-path-2.4.0.jar
7fc1c201c000-7fc1c2023000 r--s 00024000 08:15 7473787                    /home/deathslayer/.m2/repository/org/springframework/boot/spring-boot-test-autoconfigure/2.1.7.RELEASE/spring-boot-test-autoconfigure-2.1.7.RELEASE.jar
7fc1c2023000-7fc1c2029000 r--s 0002b000 08:15 7473672                    /home/deathslayer/.m2/repository/org/springframework/boot/spring-boot-test/2.1.7.RELEASE/spring-boot-test-2.1.7.RELEASE.jar
7fc1c2029000-7fc1c202a000 r--s 00000000 08:15 7473725                    /home/deathslayer/.m2/repository/org/springframework/boot/spring-boot-starter-test/2.1.7.RELEASE/spring-boot-starter-test-2.1.7.RELEASE.jar
7fc1c202a000-7fc1c202f000 r--s 0003c000 08:15 7215882                    /home/deathslayer/.m2/repository/org/apache/tomcat/embed/tomcat-embed-websocket/9.0.22/tomcat-embed-websocket-9.0.22.jar
7fc1c202f000-7fc1c2034000 r--s 00039000 08:15 7215880                    /home/deathslayer/.m2/repository/org/apache/tomcat/embed/tomcat-embed-el/9.0.22/tomcat-embed-el-9.0.22.jar
7fc1c2034000-7fc1c205f000 r--s 00307000 08:15 7215874                    /home/deathslayer/.m2/repository/org/apache/tomcat/embed/tomcat-embed-core/9.0.22/tomcat-embed-core-9.0.22.jar
7fc1c205f000-7fc1c2061000 r--s 00005000 08:15 7210710                    /home/deathslayer/.m2/repository/javax/annotation/javax.annotation-api/1.3.2/javax.annotation-api-1.3.2.jar
7fc1c2061000-7fc1c2062000 r--s 00000000 08:15 7215872                    /home/deathslayer/.m2/repository/org/springframework/boot/spring-boot-starter-tomcat/2.1.7.RELEASE/spring-boot-starter-tomcat-2.1.7.RELEASE.jar
7fc1c2062000-7fc1c207a000 r--s 0021f000 08:15 7210699                    /home/deathslayer/.m2/repository/mysql/mysql-connector-java/8.0.17/mysql-connector-java-8.0.17.jar
7fc1c207a000-7fc1c207f000 r--s 00040000 08:15 7210708                    /home/deathslayer/.m2/repository/org/springframework/spring-expression/5.1.9.RELEASE/spring-expression-5.1.9.RELEASE.jar
7fc1c207f000-7fc1c208e000 r--s 000b5000 08:15 7210700                    /home/deathslayer/.m2/repository/org/springframework/spring-webmvc/5.1.9.RELEASE/spring-webmvc-5.1.9.RELEASE.jar
7fc1c208e000-7fc1c20aa000 r--s 00137000 08:15 7210735                    /home/deathslayer/.m2/repository/org/springframework/spring-web/5.1.9.RELEASE/spring-web-5.1.9.RELEASE.jar
7fc1c20aa000-7fc1c20af000 r--s 00012000 08:15 7210685                    /home/deathslayer/.m2/repository/javax/validation/validation-api/2.0.1.Final/validation-api-2.0.1.Final.jar
7fc1c20af000-7fc1c20cc000 r--s 000fe000 08:15 7210694                    /home/deathslayer/.m2/repository/org/hibernate/validator/hibernate-validator/6.0.17.Final/hibernate-validator-6.0.17.Final.jar
7fc1c20cc000-7fc1c20ce000 r--s 00001000 08:15 7210705                    /home/deathslayer/.m2/repository/com/fasterxml/jackson/module/jackson-module-parameter-names/2.9.9/jackson-module-parameter-names-2.9.9.jar
7fc1c20ce000-7fc1c20d1000 r--s 00016000 08:15 7210698                    /home/deathslayer/.m2/repository/com/fasterxml/jackson/datatype/jackson-datatype-jsr310/2.9.9/jackson-datatype-jsr310-2.9.9.jar
7fc1c20d1000-7fc1c20d3000 r--s 00007000 08:15 7210695                    /home/deathslayer/.m2/repository/com/fasterxml/jackson/datatype/jackson-datatype-jdk8/2.9.9/jackson-datatype-jdk8-2.9.9.jar
7fc1c20d3000-7fc1c20d7000 r--s 0004c000 08:15 7210670                    /home/deathslayer/.m2/repository/com/fasterxml/jackson/core/jackson-core/2.9.9/jackson-core-2.9.9.jar
7fc1c20d7000-7fc1c20da000 r--s 0000e000 08:15 7210738                    /home/deathslayer/.m2/repository/com/fasterxml/jackson/core/jackson-annotations/2.9.0/jackson-annotations-2.9.0.jar
7fc1c20da000-7fc1c20ed000 r--s 00137000 08:15 7215852                    /home/deathslayer/.m2/repository/com/fasterxml/jackson/core/jackson-databind/2.9.9/jackson-databind-2.9.9.jar
7fc1c20ed000-7fc1c20ee000 r--s 00000000 08:15 7215849                    /home/deathslayer/.m2/repository/org/springframework/boot/spring-boot-starter-json/2.1.7.RELEASE/spring-boot-starter-json-2.1.7.RELEASE.jar
7fc1c20ee000-7fc1c20f5000 r--s 00043000 08:15 7210674                    /home/deathslayer/.m2/repository/org/yaml/snakeyaml/1.23/snakeyaml-1.23.jar
7fc1c20f5000-7fc1c20f7000 r--s 00000000 08:15 7473699                    /home/deathslayer/.m2/repository/org/slf4j/jul-to-slf4j/1.7.26/jul-to-slf4j-1.7.26.jar
7fc1c20f7000-7fc1c20fd000 r--s 0003c000 08:15 7210673                    /home/deathslayer/.m2/repository/org/apache/logging/log4j/log4j-api/2.11.2/log4j-api-2.11.2.jar
7fc1c20fd000-7fc1c20ff000 r--s 00003000 08:15 7210680                    /home/deathslayer/.m2/repository/org/apache/logging/log4j/log4j-to-slf4j/2.11.2/log4j-to-slf4j-2.11.2.jar
7fc1c20ff000-7fc1c210a000 r--s 00069000 08:15 7210663                    /home/deathslayer/.m2/repository/ch/qos/logback/logback-core/1.2.3/logback-core-1.2.3.jar
7fc1c210a000-7fc1c2110000 r--s 00041000 08:15 7210652                    /home/deathslayer/.m2/repository/ch/qos/logback/logback-classic/1.2.3/logback-classic-1.2.3.jar
7fc1c2110000-7fc1c2111000 r--s 00000000 08:15 7473679                    /home/deathslayer/.m2/repository/org/springframework/boot/spring-boot-starter-logging/2.1.7.RELEASE/spring-boot-starter-logging-2.1.7.RELEASE.jar
7fc1c2111000-7fc1c2135000 r--s 00112000 08:15 7473792                    /home/deathslayer/.m2/repository/org/springframework/boot/spring-boot-autoconfigure/2.1.7.RELEASE/spring-boot-autoconfigure-2.1.7.RELEASE.jar
7fc1c2135000-7fc1c214a000 r--s 000d5000 08:15 7473675                    /home/deathslayer/.m2/repository/org/springframework/boot/spring-boot/2.1.7.RELEASE/spring-boot-2.1.7.RELEASE.jar
7fc1c214a000-7fc1c214c000 r--s 0000a000 08:15 7340635                    /home/deathslayer/.m2/repository/org/springframework/spring-aspects/5.1.9.RELEASE/spring-aspects-5.1.9.RELEASE.jar
7fc1c214c000-7fc1c2158000 r--s 00099000 08:15 7210675                    /home/deathslayer/.m2/repository/org/springframework/spring-beans/5.1.9.RELEASE/spring-beans-5.1.9.RELEASE.jar
7fc1c2158000-7fc1c2160000 r--s 00037000 08:15 7340586                    /home/deathslayer/.m2/repository/org/springframework/spring-tx/5.1.9.RELEASE/spring-tx-5.1.9.RELEASE.jar
7fc1c2160000-7fc1c217a000 r--s 000f4000 08:15 7210741                    /home/deathslayer/.m2/repository/org/springframework/spring-context/5.1.9.RELEASE/spring-context-5.1.9.RELEASE.jar
7fc1c217a000-7fc1c21c2000 r--s 002de000 08:15 7210662                    /home/deathslayer/.m2/repository/net/bytebuddy/byte-buddy/1.9.16/byte-buddy-1.9.16.jar
7fc1c21c2000-7fc1c21c3000 ---p 00000000 00:00 0 
7fc1c21c3000-7fc1c22c3000 rw-p 00000000 00:00 0 
7fc1c22c3000-7fc1c22c6000 ---p 00000000 00:00 0 
7fc1c22c6000-7fc1c23c4000 rw-p 00000000 00:00 0 
7fc1c23c4000-7fc1c23da000 r-xp 00000000 08:05 5637677                    /opt/jdk/jdk1.8.0_221/jre/lib/amd64/libnet.so
7fc1c23da000-7fc1c25d9000 ---p 00016000 08:05 5637677                    /opt/jdk/jdk1.8.0_221/jre/lib/amd64/libnet.so
7fc1c25d9000-7fc1c25da000 r--p 00015000 08:05 5637677                    /opt/jdk/jdk1.8.0_221/jre/lib/amd64/libnet.so
7fc1c25da000-7fc1c25db000 rw-p 00016000 08:05 5637677                    /opt/jdk/jdk1.8.0_221/jre/lib/amd64/libnet.so
7fc1c25db000-7fc1c25dc000 ---p 00000000 00:00 0 
7fc1c25dc000-7fc1c25df000 ---p 00000000 00:00 0 
7fc1c25df000-7fc1c26dc000 rw-p 00000000 00:00 0 
7fc1c26dc000-7fc1c26dd000 ---p 00000000 00:00 0 
7fc1c26dd000-7fc1c26e0000 ---p 00000000 00:00 0 
7fc1c26e0000-7fc1c27dd000 rw-p 00000000 00:00 0 
7fc1c27dd000-7fc1c27de000 ---p 00000000 00:00 0 
7fc1c27de000-7fc1c27e1000 ---p 00000000 00:00 0 
7fc1c27e1000-7fc1c28de000 rw-p 00000000 00:00 0 
7fc1c28de000-7fc1c28e1000 ---p 00000000 00:00 0 
7fc1c28e1000-7fc1c29df000 rw-p 00000000 00:00 0 
7fc1c29df000-7fc1c29e2000 ---p 00000000 00:00 0 
7fc1c29e2000-7fc1c2ae0000 rw-p 00000000 00:00 0 
7fc1c2ae0000-7fc1c2eef000 r--p 00000000 08:05 2234769                    /usr/lib/locale/locale-archive
7fc1c2eef000-7fc1c2ef2000 ---p 00000000 00:00 0 
7fc1c2ef2000-7fc1c2ff0000 rw-p 00000000 00:00 0 
7fc1c2ff0000-7fc1c2ff3000 ---p 00000000 00:00 0 
7fc1c2ff3000-7fc1c30f1000 rw-p 00000000 00:00 0 
7fc1c30f1000-7fc1c30f2000 ---p 00000000 00:00 0 
7fc1c30f2000-7fc1c4000000 rw-p 00000000 00:00 0 
7fc1c4000000-7fc1c4021000 rw-p 00000000 00:00 0 
7fc1c4021000-7fc1c8000000 ---p 00000000 00:00 0 
7fc1c8000000-7fc1c8021000 rw-p 00000000 00:00 0 
7fc1c8021000-7fc1cc000000 ---p 00000000 00:00 0 
7fc1cc000000-7fc1cc021000 rw-p 00000000 00:00 0 
7fc1cc021000-7fc1d0000000 ---p 00000000 00:00 0 
7fc1d0000000-7fc1d0001000 r--s 00000000 08:15 7473730                    /home/deathslayer/.m2/repository/org/springframework/boot/spring-boot-starter/2.1.7.RELEASE/spring-boot-starter-2.1.7.RELEASE.jar
7fc1d0001000-7fc1d0003000 r--s 00009000 08:15 7473793                    /home/deathslayer/.m2/repository/org/slf4j/slf4j-api/1.7.26/slf4j-api-1.7.26.jar
7fc1d0003000-7fc1d0007000 r--s 0002d000 08:15 7340639                    /home/deathslayer/.m2/repository/org/springframework/spring-orm/5.1.9.RELEASE/spring-orm-5.1.9.RELEASE.jar
7fc1d0007000-7fc1d0020000 r--s 00107000 08:15 7340636                    /home/deathslayer/.m2/repository/org/springframework/data/spring-data-commons/2.1.10.RELEASE/spring-data-commons-2.1.10.RELEASE.jar
7fc1d0020000-7fc1d0029000 r--s 00050000 08:15 7340633                    /home/deathslayer/.m2/repository/org/springframework/data/spring-data-jpa/2.1.10.RELEASE/spring-data-jpa-2.1.10.RELEASE.jar
7fc1d0029000-7fc1d002c000 r--s 00010000 08:15 7340605                    /home/deathslayer/.m2/repository/org/hibernate/common/hibernate-commons-annotations/5.0.4.Final/hibernate-commons-annotations-5.0.4.Final.jar
7fc1d002c000-7fc1d0031000 r--s 0004b000 08:15 7340628                    /home/deathslayer/.m2/repository/org/dom4j/dom4j/2.1.1/dom4j-2.1.1.jar
7fc1d0031000-7fc1d0034000 r--s 0002b000 08:15 7340620                    /home/deathslayer/.m2/repository/org/jboss/jandex/2.0.5.Final/jandex-2.0.5.Final.jar
7fc1d0034000-7fc1d00b6000 r--s 00627000 08:15 7473677                    /home/deathslayer/.m2/repository/org/hibernate/hibernate-core/5.3.10.Final/hibernate-core-5.3.10.Final.jar
7fc1d00b6000-7fc1d0290000 r--s 03d88000 08:05 5637426                    /opt/jdk/jdk1.8.0_221/jre/lib/rt.jar
7fc1d0290000-7fc1d4000000 rw-p 00000000 00:00 0 
7fc1d4000000-7fc1d4029000 rw-p 00000000 00:00 0 
7fc1d4029000-7fc1d8000000 ---p 00000000 00:00 0 
7fc1d8000000-7fc1d8002000 r--s 0000f000 08:15 7210704                    /home/deathslayer/.m2/repository/com/fasterxml/classmate/1.4.0/classmate-1.4.0.jar
7fc1d8002000-7fc1d8007000 r--s 00068000 08:15 7340617                    /home/deathslayer/.m2/repository/antlr/antlr/2.7.7/antlr-2.7.7.jar
7fc1d8007000-7fc1d8012000 r--s 000b2000 08:15 7340614                    /home/deathslayer/.m2/repository/org/javassist/javassist/3.23.2-GA/javassist-3.23.2-GA.jar
7fc1d8012000-7fc1d8018000 r--s 00023000 08:15 7340599                    /home/deathslayer/.m2/repository/javax/persistence/javax.persistence-api/2.2/javax.persistence-api-2.2.jar
7fc1d8018000-7fc1d801a000 r--s 0000f000 08:15 7473689                    /home/deathslayer/.m2/repository/org/jboss/logging/jboss-logging/3.3.2.Final/jboss-logging-3.3.2.Final.jar
7fc1d801a000-7fc1d801c000 r--s 0000c000 08:15 7340623                    /home/deathslayer/.m2/repository/javax/activation/javax.activation-api/1.2.0/javax.activation-api-1.2.0.jar
7fc1d801c000-7fc1d8025000 r--s 0005a000 08:15 7340641                    /home/deathslayer/.m2/repository/org/springframework/spring-jdbc/5.1.9.RELEASE/spring-jdbc-5.1.9.RELEASE.jar
7fc1d8025000-7fc1d8cfd000 rw-p 00000000 00:00 0 
7fc1d8cfd000-7fc1d8cfe000 ---p 00000000 00:00 0 
7fc1d8cfe000-7fc1d8dfe000 rw-p 00000000 00:00 0 
7fc1d8dfe000-7fc1d8dff000 ---p 00000000 00:00 0 
7fc1d8dff000-7fc1d8eff000 rw-p 00000000 00:00 0 
7fc1d8eff000-7fc1d8f00000 ---p 00000000 00:00 0 
7fc1d8f00000-7fc1d9000000 rw-p 00000000 00:00 0 
7fc1d9000000-7fc1d9d10000 rwxp 00000000 00:00 0 
7fc1d9d10000-7fc1e8000000 ---p 00000000 00:00 0 
7fc1e8000000-7fc1e94c0000 rw-p 00000000 00:00 0 
7fc1e94c0000-7fc1ec000000 ---p 00000000 00:00 0 
7fc1ec000000-7fc1ec001000 r--s 00000000 08:15 7215845                    /home/deathslayer/.m2/repository/org/springframework/boot/spring-boot-starter-web/2.1.7.RELEASE/spring-boot-starter-web-2.1.7.RELEASE.jar
7fc1ec001000-7fc1ec005000 r--s 0001c000 08:15 7340601                    /home/deathslayer/.m2/repository/javax/xml/bind/jaxb-api/2.3.1/jaxb-api-2.3.1.jar
7fc1ec005000-7fc1ec006000 r--s 00006000 08:15 7340595                    /home/deathslayer/.m2/repository/javax/transaction/javax.transaction-api/1.3/javax.transaction-api-1.3.jar
7fc1ec006000-7fc1ec00a000 r--s 00020000 08:15 7340577                    /home/deathslayer/.m2/repository/com/zaxxer/HikariCP/3.2.0/HikariCP-3.2.0.jar
7fc1ec00a000-7fc1ec00b000 r--s 00000000 08:15 7472653                    /home/deathslayer/.m2/repository/org/springframework/boot/spring-boot-starter-jdbc/2.1.7.RELEASE/spring-boot-starter-jdbc-2.1.7.RELEASE.jar
7fc1ec00b000-7fc1ec024000 r--s 001da000 08:15 7340645                    /home/deathslayer/.m2/repository/org/aspectj/aspectjweaver/1.9.4/aspectjweaver-1.9.4.jar
7fc1ec024000-7fc1ec02e000 r--s 00051000 08:15 7210775                    /home/deathslayer/.m2/repository/org/springframework/spring-aop/5.1.9.RELEASE/spring-aop-5.1.9.RELEASE.jar
7fc1ec02e000-7fc1ec02f000 r--s 00000000 08:15 7472651                    /home/deathslayer/.m2/repository/org/springframework/boot/spring-boot-starter-aop/2.1.7.RELEASE/spring-boot-starter-aop-2.1.7.RELEASE.jar
7fc1ec02f000-7fc1ec030000 r--s 00000000 08:15 7472649                    /home/deathslayer/.m2/repository/org/springframework/boot/spring-boot-starter-data-jpa/2.1.7.RELEASE/spring-boot-starter-data-jpa-2.1.7.RELEASE.jar
7fc1ec030000-7fc1ec043000 r--s 00345000 08:05 5637548                    /opt/jdk/jdk1.8.0_221/jre/lib/resources.jar
7fc1ec043000-7fc1ec056000 r--s 000d6000 08:05 5637420                    /opt/jdk/jdk1.8.0_221/jre/lib/plugin.jar
7fc1ec056000-7fc1ec05b000 r--s 000a3000 08:05 5637635                    /opt/jdk/jdk1.8.0_221/jre/lib/jsse.jar
7fc1ec05b000-7fc1ec076000 r--s 0020c000 08:05 5637421                    /opt/jdk/jdk1.8.0_221/jre/lib/deploy.jar
7fc1ec076000-7fc1ec0ec000 rw-p 00000000 00:00 0 
7fc1ec0ec000-7fc1ec0ed000 ---p 00000000 00:00 0 
7fc1ec0ed000-7fc1ec20a000 rw-p 00000000 00:00 0 
7fc1ec20a000-7fc1ec47d000 ---p 00000000 00:00 0 
7fc1ec47d000-7fc1ec49a000 rw-p 00000000 00:00 0 
7fc1ec49a000-7fc1ec70c000 ---p 00000000 00:00 0 
7fc1ec70c000-7fc1ec776000 rw-p 00000000 00:00 0 
7fc1ec776000-7fc1ec854000 ---p 00000000 00:00 0 
7fc1ec854000-7fc1ec88a000 rw-p 00000000 00:00 0 
7fc1ec88a000-7fc1ecc15000 ---p 00000000 00:00 0 
7fc1ecc15000-7fc1ecc30000 r-xp 00000000 08:05 5637700                    /opt/jdk/jdk1.8.0_221/jre/lib/amd64/libzip.so
7fc1ecc30000-7fc1ece2f000 ---p 0001b000 08:05 5637700                    /opt/jdk/jdk1.8.0_221/jre/lib/amd64/libzip.so
7fc1ece2f000-7fc1ece30000 r--p 0001a000 08:05 5637700                    /opt/jdk/jdk1.8.0_221/jre/lib/amd64/libzip.so
7fc1ece30000-7fc1ece31000 rw-p 0001b000 08:05 5637700                    /opt/jdk/jdk1.8.0_221/jre/lib/amd64/libzip.so
7fc1ece31000-7fc1ece3c000 r-xp 00000000 08:05 6296444                    /lib/x86_64-linux-gnu/libnss_files-2.27.so
7fc1ece3c000-7fc1ed03b000 ---p 0000b000 08:05 6296444                    /lib/x86_64-linux-gnu/libnss_files-2.27.so
7fc1ed03b000-7fc1ed03c000 r--p 0000a000 08:05 6296444                    /lib/x86_64-linux-gnu/libnss_files-2.27.so
7fc1ed03c000-7fc1ed03d000 rw-p 0000b000 08:05 6296444                    /lib/x86_64-linux-gnu/libnss_files-2.27.so
7fc1ed03d000-7fc1ed043000 rw-p 00000000 00:00 0 
7fc1ed043000-7fc1ed05a000 r-xp 00000000 08:05 6296438                    /lib/x86_64-linux-gnu/libnsl-2.27.so
7fc1ed05a000-7fc1ed259000 ---p 00017000 08:05 6296438                    /lib/x86_64-linux-gnu/libnsl-2.27.so
7fc1ed259000-7fc1ed25a000 r--p 00016000 08:05 6296438                    /lib/x86_64-linux-gnu/libnsl-2.27.so
7fc1ed25a000-7fc1ed25b000 rw-p 00017000 08:05 6296438                    /lib/x86_64-linux-gnu/libnsl-2.27.so
7fc1ed25b000-7fc1ed25d000 rw-p 00000000 00:00 0 
7fc1ed25d000-7fc1ed268000 r-xp 00000000 08:05 6296455                    /lib/x86_64-linux-gnu/libnss_nis-2.27.so
7fc1ed268000-7fc1ed467000 ---p 0000b000 08:05 6296455                    /lib/x86_64-linux-gnu/libnss_nis-2.27.so
7fc1ed467000-7fc1ed468000 r--p 0000a000 08:05 6296455                    /lib/x86_64-linux-gnu/libnss_nis-2.27.so
7fc1ed468000-7fc1ed469000 rw-p 0000b000 08:05 6296455                    /lib/x86_64-linux-gnu/libnss_nis-2.27.so
7fc1ed469000-7fc1ed471000 r-xp 00000000 08:05 6296440                    /lib/x86_64-linux-gnu/libnss_compat-2.27.so
7fc1ed471000-7fc1ed671000 ---p 00008000 08:05 6296440                    /lib/x86_64-linux-gnu/libnss_compat-2.27.so
7fc1ed671000-7fc1ed672000 r--p 00008000 08:05 6296440                    /lib/x86_64-linux-gnu/libnss_compat-2.27.so
7fc1ed672000-7fc1ed673000 rw-p 00009000 08:05 6296440                    /lib/x86_64-linux-gnu/libnss_compat-2.27.so
7fc1ed673000-7fc1ed67d000 r-xp 00000000 08:05 5637702                    /opt/jdk/jdk1.8.0_221/jre/lib/amd64/libinstrument.so
7fc1ed67d000-7fc1ed87c000 ---p 0000a000 08:05 5637702                    /opt/jdk/jdk1.8.0_221/jre/lib/amd64/libinstrument.so
7fc1ed87c000-7fc1ed87d000 r--p 00009000 08:05 5637702                    /opt/jdk/jdk1.8.0_221/jre/lib/amd64/libinstrument.so
7fc1ed87d000-7fc1ed87e000 rw-p 0000a000 08:05 5637702                    /opt/jdk/jdk1.8.0_221/jre/lib/amd64/libinstrument.so
7fc1ed87e000-7fc1ed8aa000 r-xp 00000000 08:05 5637691                    /opt/jdk/jdk1.8.0_221/jre/lib/amd64/libjava.so
7fc1ed8aa000-7fc1edaaa000 ---p 0002c000 08:05 5637691                    /opt/jdk/jdk1.8.0_221/jre/lib/amd64/libjava.so
7fc1edaaa000-7fc1edaab000 r--p 0002c000 08:05 5637691                    /opt/jdk/jdk1.8.0_221/jre/lib/amd64/libjava.so
7fc1edaab000-7fc1edaad000 rw-p 0002d000 08:05 5637691                    /opt/jdk/jdk1.8.0_221/jre/lib/amd64/libjava.so
7fc1edaad000-7fc1edaba000 r-xp 00000000 08:05 5637682                    /opt/jdk/jdk1.8.0_221/jre/lib/amd64/libverify.so
7fc1edaba000-7fc1edcb9000 ---p 0000d000 08:05 5637682                    /opt/jdk/jdk1.8.0_221/jre/lib/amd64/libverify.so
7fc1edcb9000-7fc1edcbb000 r--p 0000c000 08:05 5637682                    /opt/jdk/jdk1.8.0_221/jre/lib/amd64/libverify.so
7fc1edcbb000-7fc1edcbc000 rw-p 0000e000 08:05 5637682                    /opt/jdk/jdk1.8.0_221/jre/lib/amd64/libverify.so
7fc1edcbc000-7fc1edcc3000 r-xp 00000000 08:05 6296495                    /lib/x86_64-linux-gnu/librt-2.27.so
7fc1edcc3000-7fc1edec2000 ---p 00007000 08:05 6296495                    /lib/x86_64-linux-gnu/librt-2.27.so
7fc1edec2000-7fc1edec3000 r--p 00006000 08:05 6296495                    /lib/x86_64-linux-gnu/librt-2.27.so
7fc1edec3000-7fc1edec4000 rw-p 00007000 08:05 6296495                    /lib/x86_64-linux-gnu/librt-2.27.so
7fc1edec4000-7fc1ee061000 r-xp 00000000 08:05 6296417                    /lib/x86_64-linux-gnu/libm-2.27.so
7fc1ee061000-7fc1ee260000 ---p 0019d000 08:05 6296417                    /lib/x86_64-linux-gnu/libm-2.27.so
7fc1ee260000-7fc1ee261000 r--p 0019c000 08:05 6296417                    /lib/x86_64-linux-gnu/libm-2.27.so
7fc1ee261000-7fc1ee262000 rw-p 0019d000 08:05 6296417                    /lib/x86_64-linux-gnu/libm-2.27.so
7fc1ee262000-7fc1eef4a000 r-xp 00000000 08:05 5637698                    /opt/jdk/jdk1.8.0_221/jre/lib/amd64/server/libjvm.so
7fc1eef4a000-7fc1ef149000 ---p 00ce8000 08:05 5637698                    /opt/jdk/jdk1.8.0_221/jre/lib/amd64/server/libjvm.so
7fc1ef149000-7fc1ef1df000 r--p 00ce7000 08:05 5637698                    /opt/jdk/jdk1.8.0_221/jre/lib/amd64/server/libjvm.so
7fc1ef1df000-7fc1ef210000 rw-p 00d7d000 08:05 5637698                    /opt/jdk/jdk1.8.0_221/jre/lib/amd64/server/libjvm.so
7fc1ef210000-7fc1ef24b000 rw-p 00000000 00:00 0 
7fc1ef24b000-7fc1ef432000 r-xp 00000000 08:05 6296354                    /lib/x86_64-linux-gnu/libc-2.27.so
7fc1ef432000-7fc1ef632000 ---p 001e7000 08:05 6296354                    /lib/x86_64-linux-gnu/libc-2.27.so
7fc1ef632000-7fc1ef636000 r--p 001e7000 08:05 6296354                    /lib/x86_64-linux-gnu/libc-2.27.so
7fc1ef636000-7fc1ef638000 rw-p 001eb000 08:05 6296354                    /lib/x86_64-linux-gnu/libc-2.27.so
7fc1ef638000-7fc1ef63c000 rw-p 00000000 00:00 0 
7fc1ef63c000-7fc1ef63f000 r-xp 00000000 08:05 6296377                    /lib/x86_64-linux-gnu/libdl-2.27.so
7fc1ef63f000-7fc1ef83e000 ---p 00003000 08:05 6296377                    /lib/x86_64-linux-gnu/libdl-2.27.so
7fc1ef83e000-7fc1ef83f000 r--p 00002000 08:05 6296377                    /lib/x86_64-linux-gnu/libdl-2.27.so
7fc1ef83f000-7fc1ef840000 rw-p 00003000 08:05 6296377                    /lib/x86_64-linux-gnu/libdl-2.27.so
7fc1ef840000-7fc1ef857000 r-xp 00000000 08:05 5636677                    /opt/jdk/jdk1.8.0_221/lib/amd64/jli/libjli.so
7fc1ef857000-7fc1efa56000 ---p 00017000 08:05 5636677                    /opt/jdk/jdk1.8.0_221/lib/amd64/jli/libjli.so
7fc1efa56000-7fc1efa57000 r--p 00016000 08:05 5636677                    /opt/jdk/jdk1.8.0_221/lib/amd64/jli/libjli.so
7fc1efa57000-7fc1efa58000 rw-p 00017000 08:05 5636677                    /opt/jdk/jdk1.8.0_221/lib/amd64/jli/libjli.so
7fc1efa58000-7fc1efa72000 r-xp 00000000 08:05 6296487                    /lib/x86_64-linux-gnu/libpthread-2.27.so
7fc1efa72000-7fc1efc71000 ---p 0001a000 08:05 6296487                    /lib/x86_64-linux-gnu/libpthread-2.27.so
7fc1efc71000-7fc1efc72000 r--p 00019000 08:05 6296487                    /lib/x86_64-linux-gnu/libpthread-2.27.so
7fc1efc72000-7fc1efc73000 rw-p 0001a000 08:05 6296487                    /lib/x86_64-linux-gnu/libpthread-2.27.so
7fc1efc73000-7fc1efc77000 rw-p 00000000 00:00 0 
7fc1efc77000-7fc1efc9e000 r-xp 00000000 08:05 6296326                    /lib/x86_64-linux-gnu/ld-2.27.so
7fc1efc9e000-7fc1efca0000 r--s 00007000 08:05 5637640                    /opt/jdk/jdk1.8.0_221/jre/lib/jfxswt.jar
7fc1efca0000-7fc1efcaa000 r--s 0006e000 08:05 5637552                    /opt/jdk/jdk1.8.0_221/jre/lib/javaws.jar
7fc1efcaa000-7fc1efd7c000 rw-p 00000000 00:00 0 
7fc1efd7c000-7fc1efd7d000 ---p 00000000 00:00 0 
7fc1efd7d000-7fc1efd80000 ---p 00000000 00:00 0 
7fc1efd80000-7fc1efe81000 rw-p 00000000 00:00 0 
7fc1efe81000-7fc1efe82000 r--s 00000000 08:05 5637671                    /opt/jdk/jdk1.8.0_221/jre/lib/management-agent.jar
7fc1efe82000-7fc1efe87000 r--s 00084000 08:05 5637613                    /opt/jdk/jdk1.8.0_221/jre/lib/jfr.jar
7fc1efe87000-7fc1efe8a000 r--s 0001a000 08:05 5637516                    /opt/jdk/jdk1.8.0_221/jre/lib/jce.jar
7fc1efe8a000-7fc1efe8f000 r--s 002f9000 08:05 5637425                    /opt/jdk/jdk1.8.0_221/jre/lib/charsets.jar
7fc1efe8f000-7fc1efe90000 r--s 0000a000 08:05 5777573                    /opt/Intellij-IU/plugins/junit/lib/junit5-rt.jar
7fc1efe90000-7fc1efe92000 r--s 00020000 08:05 5777572                    /opt/Intellij-IU/plugins/junit/lib/junit-rt.jar
7fc1efe92000-7fc1efe94000 r--s 0001b000 08:05 5641070                    /opt/Intellij-IU/lib/idea_rt.jar
7fc1efe94000-7fc1efe9c000 rw-s 00000000 08:05 4983058                    /tmp/hsperfdata_deathslayer/15380
7fc1efe9c000-7fc1efe9d000 rw-p 00000000 00:00 0 
7fc1efe9d000-7fc1efe9e000 ---p 00000000 00:00 0 
7fc1efe9e000-7fc1efe9f000 r--p 00027000 08:05 6296326                    /lib/x86_64-linux-gnu/ld-2.27.so
7fc1efe9f000-7fc1efea0000 rw-p 00028000 08:05 6296326                    /lib/x86_64-linux-gnu/ld-2.27.so
7fc1efea0000-7fc1efea1000 rw-p 00000000 00:00 0 
7ffe43a31000-7ffe43a54000 rw-p 00000000 00:00 0                          [stack]
7ffe43b6c000-7ffe43b6f000 r--p 00000000 00:00 0                          [vvar]
7ffe43b6f000-7ffe43b71000 r-xp 00000000 00:00 0                          [vdso]
ffffffffff600000-ffffffffff601000 r-xp 00000000 00:00 0                  [vsyscall]

VM Arguments:
jvm_args: -ea -Didea.test.cyclic.buffer.size=1048576 -javaagent:/opt/Intellij-IU/lib/idea_rt.jar=45123:/opt/Intellij-IU/bin -Dfile.encoding=UTF-8 
java_command: com.intellij.rt.execution.junit.JUnitStarter -ideVersion5 -junit4 ar.edu.undec.pizzeriaboundaries.dataIntegrationTest.ModificarClienteIT
java_class_path (initial): /opt/Intellij-IU/lib/idea_rt.jar:/opt/Intellij-IU/plugins/junit/lib/junit-rt.jar:/opt/Intellij-IU/plugins/junit/lib/junit5-rt.jar:/opt/jdk/jdk1.8.0_221/jre/lib/charsets.jar:/opt/jdk/jdk1.8.0_221/jre/lib/deploy.jar:/opt/jdk/jdk1.8.0_221/jre/lib/ext/cldrdata.jar:/opt/jdk/jdk1.8.0_221/jre/lib/ext/dnsns.jar:/opt/jdk/jdk1.8.0_221/jre/lib/ext/jaccess.jar:/opt/jdk/jdk1.8.0_221/jre/lib/ext/jfxrt.jar:/opt/jdk/jdk1.8.0_221/jre/lib/ext/localedata.jar:/opt/jdk/jdk1.8.0_221/jre/lib/ext/nashorn.jar:/opt/jdk/jdk1.8.0_221/jre/lib/ext/sunec.jar:/opt/jdk/jdk1.8.0_221/jre/lib/ext/sunjce_provider.jar:/opt/jdk/jdk1.8.0_221/jre/lib/ext/sunpkcs11.jar:/opt/jdk/jdk1.8.0_221/jre/lib/ext/zipfs.jar:/opt/jdk/jdk1.8.0_221/jre/lib/javaws.jar:/opt/jdk/jdk1.8.0_221/jre/lib/jce.jar:/opt/jdk/jdk1.8.0_221/jre/lib/jfr.jar:/opt/jdk/jdk1.8.0_221/jre/lib/jfxswt.jar:/opt/jdk/jdk1.8.0_221/jre/lib/jsse.jar:/opt/jdk/jdk1.8.0_221/jre/lib/management-agent.jar:/opt/jdk/jdk1.8.0_221/jre/lib/plugin.jar:/opt/jdk/jdk1.8.0_221/jre/lib/resources.jar:/opt/jdk/jdk1.8.0_221/jre/lib/rt.jar:/home/deathslayer/IntegradorPizzeria/Pizzeria-Boundaries/target/test-classes:/home/deathslayer/IntegradorPizzeria/Pizzeria-Boundaries/target/classes:/home/deathslayer/.m2/repository/org/springframework/boot/spring-boot-starter-data-jpa/2.1.7.RELEASE/spring-boot-starter-data-jpa-2.1.7.RELEASE.jar:/home/deathslayer/.m2/repository/org/springframework/boot/spring-boot-starter-aop/2.1.7.RELEASE/spring-boot-starter-aop-2.1.7.RELEASE.jar:/home/deathslayer/.m2/repository/org/springframework/spring-aop/5.1.9.RELEASE/spring-aop-5.1.9.RELEASE.jar:/home/deathslayer/.m2/repository/org/aspectj/aspectjweaver/1.9.4/aspectjweaver-1.9.4.jar:/home/deathslayer/.m2/repository/org/springframework/boot/spring-boot-starter-jdbc/2.1.7.RELEASE/spring-boot-starter-jdbc-2.1.7.RELEASE.jar:/home/deathslayer/.m2/repository/com/zaxxer/HikariCP/3.2.0/HikariCP-3.2.0.jar:/home/deathslayer/.m2/repository/org/springframework/spring-jdbc/5.1.9.R
Launcher Type: SUN_STANDARD

Environment Variables:
PATH=/usr/local/sbin:/usr/local/bin:/usr/sbin:/usr/bin:/sbin:/bin:/usr/games:/usr/local/games:/snap/bin
SHELL=/bin/bash
DISPLAY=:0

Signal Handlers:
SIGSEGV: [libjvm.so+0xad3d90], sa_mask[0]=11111111011111111101111111111110, sa_flags=SA_RESTART|SA_SIGINFO
SIGBUS: [libjvm.so+0xad3d90], sa_mask[0]=11111111011111111101111111111110, sa_flags=SA_RESTART|SA_SIGINFO
SIGFPE: [libjvm.so+0x90b8b0], sa_mask[0]=11111111011111111101111111111110, sa_flags=SA_RESTART|SA_SIGINFO
SIGPIPE: [libjvm.so+0x90b8b0], sa_mask[0]=11111111011111111101111111111110, sa_flags=SA_RESTART|SA_SIGINFO
SIGXFSZ: [libjvm.so+0x90b8b0], sa_mask[0]=11111111011111111101111111111110, sa_flags=SA_RESTART|SA_SIGINFO
SIGILL: [libjvm.so+0x90b8b0], sa_mask[0]=11111111011111111101111111111110, sa_flags=SA_RESTART|SA_SIGINFO
SIGUSR1: SIG_DFL, sa_mask[0]=00000000000000000000000000000000, sa_flags=none
SIGUSR2: [libjvm.so+0x90b780], sa_mask[0]=00100000000000000000000000000000, sa_flags=SA_RESTART|SA_SIGINFO
SIGHUP: [libjvm.so+0x90bda0], sa_mask[0]=11111111011111111101111111111110, sa_flags=SA_RESTART|SA_SIGINFO
SIGINT: [libjvm.so+0x90bda0], sa_mask[0]=11111111011111111101111111111110, sa_flags=SA_RESTART|SA_SIGINFO
SIGTERM: [libjvm.so+0x90bda0], sa_mask[0]=11111111011111111101111111111110, sa_flags=SA_RESTART|SA_SIGINFO
SIGQUIT: [libjvm.so+0x90bda0], sa_mask[0]=11111111011111111101111111111110, sa_flags=SA_RESTART|SA_SIGINFO


---------------  S Y S T E M  ---------------

OS:DISTRIB_ID=LinuxMint
DISTRIB_RELEASE=19.1
DISTRIB_CODENAME=tessa
DISTRIB_DESCRIPTION="Linux Mint 19.1 Tessa"

uname:Linux 4.15.0-20-generic #21-Ubuntu SMP Tue Apr 24 06:16:15 UTC 2018 x86_64
libc:glibc 2.27 NPTL 2.27 
rlimit: STACK 8192k, CORE 0k, NPROC 31206, NOFILE 1048576, AS infinity
load average:1,37 0,76 0,60

/proc/meminfo:
MemTotal:        8050864 kB
MemFree:          138128 kB
MemAvailable:      30676 kB
Buffers:             700 kB
Cached:           230692 kB
SwapCached:            0 kB
Active:          7249632 kB
Inactive:         217480 kB
Active(anon):    7241752 kB
Inactive(anon):   205244 kB
Active(file):       7880 kB
Inactive(file):    12236 kB
Unevictable:          80 kB
Mlocked:              80 kB
SwapTotal:             0 kB
SwapFree:              0 kB
Dirty:               232 kB
Writeback:             0 kB
AnonPages:       7236472 kB
Mapped:           183024 kB
Shmem:            210748 kB
Slab:             126860 kB
SReclaimable:      46872 kB
SUnreclaim:        79988 kB
KernelStack:       19760 kB
PageTables:       104232 kB
NFS_Unstable:          0 kB
Bounce:                0 kB
WritebackTmp:          0 kB
CommitLimit:     4025432 kB
Committed_AS:   17611416 kB
VmallocTotal:   34359738367 kB
VmallocUsed:           0 kB
VmallocChunk:          0 kB
HardwareCorrupted:     0 kB
AnonHugePages:         0 kB
ShmemHugePages:        0 kB
ShmemPmdMapped:        0 kB
CmaTotal:              0 kB
CmaFree:               0 kB
HugePages_Total:       0
HugePages_Free:        0
HugePages_Rsvd:        0
HugePages_Surp:        0
Hugepagesize:       2048 kB
DirectMap4k:      414812 kB
DirectMap2M:     7856128 kB
DirectMap1G:           0 kB

container (cgroup) information:
container_type: cgroupv1
cpu_cpuset_cpus: 0-3
cpu_memory_nodes: 0
active_processor_count: 4
cpu_quota: -1
cpu_period: 100000
cpu_shares: -1
memory_limit_in_bytes: -1
memory_and_swap_limit_in_bytes: -2
memory_soft_limit_in_bytes: -1
memory_usage_in_bytes: 7649353728
memory_max_usage_in_bytes: 0


CPU:total 4 (initial active 4) (4 cores per cpu, 1 threads per core) family 6 model 158 stepping 9, cmov, cx8, fxsr, mmx, sse, sse2, sse3, ssse3, sse4.1, sse4.2, popcnt, avx, avx2, aes, clmul, erms, 3dnowpref, lzcnt, tsc, tscinvbit, bmi1, bmi2, adx

/proc/cpuinfo:
processor	: 0
vendor_id	: GenuineIntel
cpu family	: 6
model		: 158
model name	: Intel(R) Core(TM) i5-7300HQ CPU @ 2.50GHz
stepping	: 9
microcode	: 0x5e
cpu MHz		: 3099.951
cache size	: 6144 KB
physical id	: 0
siblings	: 4
core id		: 0
cpu cores	: 4
apicid		: 0
initial apicid	: 0
fpu		: yes
fpu_exception	: yes
cpuid level	: 22
wp		: yes
flags		: fpu vme de pse tsc msr pae mce cx8 apic sep mtrr pge mca cmov pat pse36 clflush dts acpi mmx fxsr sse sse2 ss ht tm pbe syscall nx pdpe1gb rdtscp lm constant_tsc art arch_perfmon pebs bts rep_good nopl xtopology nonstop_tsc cpuid aperfmperf tsc_known_freq pni pclmulqdq dtes64 monitor ds_cpl vmx est tm2 ssse3 sdbg fma cx16 xtpr pdcm pcid sse4_1 sse4_2 x2apic movbe popcnt tsc_deadline_timer aes xsave avx f16c rdrand lahf_lm abm 3dnowprefetch cpuid_fault epb invpcid_single pti tpr_shadow vnmi flexpriority ept vpid fsgsbase tsc_adjust bmi1 avx2 smep bmi2 erms invpcid mpx rdseed adx smap clflushopt intel_pt xsaveopt xsavec xgetbv1 xsaves dtherm ida arat pln pts hwp hwp_notify hwp_act_window hwp_epp
bugs		: cpu_meltdown spectre_v1 spectre_v2
bogomips	: 4992.00
clflush size	: 64
cache_alignment	: 64
address sizes	: 39 bits physical, 48 bits virtual
power management:

processor	: 1
vendor_id	: GenuineIntel
cpu family	: 6
model		: 158
model name	: Intel(R) Core(TM) i5-7300HQ CPU @ 2.50GHz
stepping	: 9
microcode	: 0x5e
cpu MHz		: 3100.131
cache size	: 6144 KB
physical id	: 0
siblings	: 4
core id		: 1
cpu cores	: 4
apicid		: 2
initial apicid	: 2
fpu		: yes
fpu_exception	: yes
cpuid level	: 22
wp		: yes
flags		: fpu vme de pse tsc msr pae mce cx8 apic sep mtrr pge mca cmov pat pse36 clflush dts acpi mmx fxsr sse sse2 ss ht tm pbe syscall nx pdpe1gb rdtscp lm constant_tsc art arch_perfmon pebs bts rep_good nopl xtopology nonstop_tsc cpuid aperfmperf tsc_known_freq pni pclmulqdq dtes64 monitor ds_cpl vmx est tm2 ssse3 sdbg fma cx16 xtpr pdcm pcid sse4_1 sse4_2 x2apic movbe popcnt tsc_deadline_timer aes xsave avx f16c rdrand lahf_lm abm 3dnowprefetch cpuid_fault epb invpcid_single pti tpr_shadow vnmi flexpriority ept vpid fsgsbase tsc_adjust bmi1 avx2 smep bmi2 erms invpcid mpx rdseed adx smap clflushopt intel_pt xsaveopt xsavec xgetbv1 xsaves dtherm ida arat pln pts hwp hwp_notify hwp_act_window hwp_epp
bugs		: cpu_meltdown spectre_v1 spectre_v2
bogomips	: 4992.00
clflush size	: 64
cache_alignment	: 64
address sizes	: 39 bits physical, 48 bits virtual
power management:

processor	: 2
vendor_id	: GenuineIntel
cpu family	: 6
model		: 158
model name	: Intel(R) Core(TM) i5-7300HQ CPU @ 2.50GHz
stepping	: 9
microcode	: 0x5e
cpu MHz		: 3100.127
cache size	: 6144 KB
physical id	: 0
siblings	: 4
core id		: 2
cpu cores	: 4
apicid		: 4
initial apicid	: 4
fpu		: yes
fpu_exception	: yes
cpuid level	: 22
wp		: yes
flags		: fpu vme de pse tsc msr pae mce cx8 apic sep mtrr pge mca cmov pat pse36 clflush dts acpi mmx fxsr sse sse2 ss ht tm pbe syscall nx pdpe1gb rdtscp lm constant_tsc art arch_perfmon pebs bts rep_good nopl xtopology nonstop_tsc cpuid aperfmperf tsc_known_freq pni pclmulqdq dtes64 monitor ds_cpl vmx est tm2 ssse3 sdbg fma cx16 xtpr pdcm pcid sse4_1 sse4_2 x2apic movbe popcnt tsc_deadline_timer aes xsave avx f16c rdrand lahf_lm abm 3dnowprefetch cpuid_fault epb invpcid_single pti tpr_shadow vnmi flexpriority ept vpid fsgsbase tsc_adjust bmi1 avx2 smep bmi2 erms invpcid mpx rdseed adx smap clflushopt intel_pt xsaveopt xsavec xgetbv1 xsaves dtherm ida arat pln pts hwp hwp_notify hwp_act_window hwp_epp
bugs		: cpu_meltdown spectre_v1 spectre_v2
bogomips	: 4992.00
clflush size	: 64
cache_alignment	: 64
address sizes	: 39 bits physical, 48 bits virtual
power management:

processor	: 3
vendor_id	: GenuineIntel
cpu family	: 6
model		: 158
model name	: Intel(R) Core(TM) i5-7300HQ CPU @ 2.50GHz
stepping	: 9
microcode	: 0x5e
cpu MHz		: 3099.989
cache size	: 6144 KB
physical id	: 0
siblings	: 4
core id		: 3
cpu cores	: 4
apicid		: 6
initial apicid	: 6
fpu		: yes
fpu_exception	: yes
cpuid level	: 22
wp		: yes
flags		: fpu vme de pse tsc msr pae mce cx8 apic sep mtrr pge mca cmov pat pse36 clflush dts acpi mmx fxsr sse sse2 ss ht tm pbe syscall nx pdpe1gb rdtscp lm constant_tsc art arch_perfmon pebs bts rep_good nopl xtopology nonstop_tsc cpuid aperfmperf tsc_known_freq pni pclmulqdq dtes64 monitor ds_cpl vmx est tm2 ssse3 sdbg fma cx16 xtpr pdcm pcid sse4_1 sse4_2 x2apic movbe popcnt tsc_deadline_timer aes xsave avx f16c rdrand lahf_lm abm 3dnowprefetch cpuid_fault epb invpcid_single pti tpr_shadow vnmi flexpriority ept vpid fsgsbase tsc_adjust bmi1 avx2 smep bmi2 erms invpcid mpx rdseed adx smap clflushopt intel_pt xsaveopt xsavec xgetbv1 xsaves dtherm ida arat pln pts hwp hwp_notify hwp_act_window hwp_epp
bugs		: cpu_meltdown spectre_v1 spectre_v2
bogomips	: 4992.00
clflush size	: 64
cache_alignment	: 64
address sizes	: 39 bits physical, 48 bits virtual
power management:



Memory: 4k page, physical 8050864k(128092k free), swap 0k(0k free)

vm_info: Java HotSpot(TM) 64-Bit Server VM (25.221-b11) for linux-amd64 JRE (1.8.0_221-b11), built on Jul  4 2019 04:27:00 by "java_re" with gcc 7.3.0

time: Mon Nov 11 22:10:50 2019
timezone: -03
elapsed time: 14 seconds (0d 0h 0m 14s)

